<!DOCTYPE html PUBLIC "-//W3C//DTD XHTML 1.1//EN" "http://www.w3.org/TR/xhtml11/DTD/xhtml11.dtd">
<html xmlns="http://www.w3.org/1999/xhtml">
<head>
<meta http-equiv="content-type" content="text/html; charset=UTF-8"/>
<title>TestNG Report</title>
<style type="text/css">table {margin-bottom:10px;border-collapse:collapse;empty-cells:show}th,td {border:1px solid #009;padding:.25em .5em}th {vertical-align:bottom}td {vertical-align:top}table a {font-weight:bold}.stripe td {background-color: #E6EBF9}.num {text-align:right}.passedodd td {background-color: #3F3}.passedeven td {background-color: #0A0}.skippedodd td {background-color: #DDD}.skippedeven td {background-color: #CCC}.failedodd td,.attn {background-color: #F33}.failedeven td,.stripe .attn {background-color: #D00}.stacktrace {white-space:pre;font-family:monospace}.totop {font-size:85%;text-align:center;border-bottom:2px solid #000}.invisible {display:none}</style>
</head>
<body>
<table>
<tr><th>Test</th><th># Passed</th><th># Skipped</th><th># Failed</th><th>Time (ms)</th><th>Included Groups</th><th>Excluded Groups</th></tr>
<tr><th colspan="7">Suite</th></tr>
<tr><td><a href="#t0">Valid Scenario</a></td><td class="num">3</td><td class="num">0</td><td class="num">0</td><td class="num">32,377</td><td></td><td></td></tr>
<tr class="stripe"><td><a href="#t1">Error Scenarios</a></td><td class="num">1</td><td class="num attn">1</td><td class="num attn">1</td><td class="num">19,290</td><td></td><td></td></tr>
<tr><th>Total</th><th class="num">4</th><th class="num attn">1</th><th class="num attn">1</th><th class="num">51,667</th><th colspan="2"></th></tr>
</table>
<table id='summary'><thead><tr><th>Class</th><th>Method</th><th>Start</th><th>Time (ms)</th></tr></thead><tbody><tr><th colspan="4">Suite</th></tr></tbody><tbody id="t0"><tr><th colspan="4">Valid Scenario &#8212; passed</th></tr><tr class="passedeven"><td rowspan="3">Framework.SeleniumRevision.Tests.ProductsOrderingTestNGV2</td><td><a href="#m0">ItemCheckout</a></td><td rowspan="2">1756025318090</td><td rowspan="2">9802</td></tr><tr class="passedeven"><td><a href="#m1">ItemCheckout</a></td></tr><tr class="passedeven"><td><a href="#m2">OrdersSectionValidation</a></td><td rowspan="1">1756025329660</td><td rowspan="1">8092</td></tr></tbody>
<tbody id="t1"><tr><th colspan="4">Error Scenarios &#8212; failed</th></tr><tr class="failedeven"><td rowspan="1">Framework.SeleniumRevision.Tests.ErrorVerifications</td><td><a href="#m3">LoginErrorScenario</a></td><td rowspan="1">1756025353574</td><td rowspan="1">3078</td></tr><tr><th colspan="4">Error Scenarios &#8212; skipped</th></tr><tr class="skippedeven"><td rowspan="1">Framework.SeleniumRevision.Tests.ErrorVerifications</td><td><a href="#m4">LoginErrorScenario</a></td><td rowspan="1">1756025348010</td><td rowspan="1">3975</td></tr><tr><th colspan="4">Error Scenarios &#8212; passed</th></tr><tr class="passedeven"><td rowspan="1">Framework.SeleniumRevision.Tests.ErrorVerifications</td><td><a href="#m5">InvalidProductErrorSceanrio</a></td><td rowspan="1">1756025339671</td><td rowspan="1">6641</td></tr></tbody>
</table>
<h2>Valid Scenario</h2><h3 id="m0">Framework.SeleniumRevision.Tests.ProductsOrderingTestNGV2#ItemCheckout</h3><table class="result"><tr class="param"><th>Parameter #1</th></tr><tr class="param stripe"><td>{MapUserEmail=selenium@naresh.com, MapUserPassword=Hello234, MapProductName=ZARA COAT 3}</td></tr></table><p class="totop"><a href="#summary">back to summary</a></p>
<h3 id="m1">Framework.SeleniumRevision.Tests.ProductsOrderingTestNGV2#ItemCheckout</h3><table class="result"><tr class="param"><th>Parameter #1</th></tr><tr class="param stripe"><td>{MapUserEmail=selenium@ggg.com, MapUserPassword=Hello123, MapProductName=ADIDAS ORIGINAL}</td></tr></table><p class="totop"><a href="#summary">back to summary</a></p>
<h3 id="m2">Framework.SeleniumRevision.Tests.ProductsOrderingTestNGV2#OrdersSectionValidation</h3><table class="result"><tr><th class="invisible"/></tr></table><p class="totop"><a href="#summary">back to summary</a></p>
<h2>Error Scenarios</h2><h3 id="m3">Framework.SeleniumRevision.Tests.ErrorVerifications#LoginErrorScenario</h3><table class="result"><tr><th>Exception</th></tr><tr><td><div class="stacktrace">java.lang.AssertionError: expected [Inorrect email or password.] but found [Incorrect email or password.]
	at Framework.SeleniumRevision.Tests.ErrorVerifications.LoginErrorScenario(ErrorVerifications.java:25)
... Removed 31 stack frames</div></td></tr></table><p class="totop"><a href="#summary">back to summary</a></p>
<h3 id="m4">Framework.SeleniumRevision.Tests.ErrorVerifications#LoginErrorScenario</h3><table class="result"><tr><th>Exception</th></tr><tr><td><div class="stacktrace">java.lang.AssertionError: expected [Inorrect email or password.] but found [Incorrect email or password.]
	at Framework.SeleniumRevision.Tests.ErrorVerifications.LoginErrorScenario(ErrorVerifications.java:25)
... Removed 31 stack frames</div></td></tr></table><p class="totop"><a href="#summary">back to summary</a></p>
<h3 id="m5">Framework.SeleniumRevision.Tests.ErrorVerifications#InvalidProductErrorSceanrio</h3><table class="result"><tr><th class="invisible"/></tr></table><p class="totop"><a href="#summary">back to summary</a></p>
</body>
</html>
